Using pre-set license
Built from '2021.3/china_unity/release' branch; Version is '2021.3.4f1c1 (64682593795a) revision 6580261'; Using compiler version '192829333'; Build Type 'Release'
OS: 'Windows 10  (10.0.19044) 64bit CoreCountrySpecific' Language: 'zh' Physical Memory: 16148 MB
BatchMode: 1, IsHumanControllingUs: 0, StartBugReporterOnCrash: 0, Is64bit: 1, IsPro: 1

COMMAND LINE ARGUMENTS:
C:\Program Files\Unity\Hub\Editor\2021.3.4f1c1\Editor\Unity.exe
-adb2
-batchMode
-noUpm
-name
AssetImportWorker0
-projectPath
D:/WorkSpace/Unity/JiHBuilder
-logFile
Logs/AssetImportWorker0.log
-srvPort
59561
Successfully changed project path to: D:/WorkSpace/Unity/JiHBuilder
D:/WorkSpace/Unity/JiHBuilder
[UnityMemory] Configuration Parameters - Can be set up in boot.config
    "memorysetup-bucket-allocator-granularity=16"
    "memorysetup-bucket-allocator-bucket-count=8"
    "memorysetup-bucket-allocator-block-size=33554432"
    "memorysetup-bucket-allocator-block-count=8"
    "memorysetup-main-allocator-block-size=16777216"
    "memorysetup-thread-allocator-block-size=16777216"
    "memorysetup-gfx-main-allocator-block-size=16777216"
    "memorysetup-gfx-thread-allocator-block-size=16777216"
    "memorysetup-cache-allocator-block-size=4194304"
    "memorysetup-typetree-allocator-block-size=2097152"
    "memorysetup-profiler-bucket-allocator-granularity=16"
    "memorysetup-profiler-bucket-allocator-bucket-count=8"
    "memorysetup-profiler-bucket-allocator-block-size=33554432"
    "memorysetup-profiler-bucket-allocator-block-count=8"
    "memorysetup-profiler-allocator-block-size=16777216"
    "memorysetup-profiler-editor-allocator-block-size=1048576"
    "memorysetup-temp-allocator-size-main=16777216"
    "memorysetup-job-temp-allocator-block-size=2097152"
    "memorysetup-job-temp-allocator-block-size-background=1048576"
    "memorysetup-job-temp-allocator-reduction-small-platforms=262144"
    "memorysetup-temp-allocator-size-background-worker=32768"
    "memorysetup-temp-allocator-size-job-worker=262144"
    "memorysetup-temp-allocator-size-preload-manager=33554432"
    "memorysetup-temp-allocator-size-nav-mesh-worker=65536"
    "memorysetup-temp-allocator-size-audio-worker=65536"
    "memorysetup-temp-allocator-size-cloud-worker=32768"
    "memorysetup-temp-allocator-size-gi-baking-worker=262144"
    "memorysetup-temp-allocator-size-gfx=262144"
AS: AutoStreaming module initializing.
Refreshing native plugins compatible for Editor in 61.68 ms, found 3 plugins.
Preloading 0 native plugins for Editor in 0.00 ms.
Initialize engine version: 2021.3.4f1c1 (64682593795a)
[Subsystems] Discovering subsystems at path C:/Program Files/Unity/Hub/Editor/2021.3.4f1c1/Editor/Data/Resources/UnitySubsystems
[Subsystems] Discovering subsystems at path D:/WorkSpace/Unity/JiHBuilder/Assets
GfxDevice: creating device client; threaded=0; jobified=0
Direct3D:
    Version:  Direct3D 11.0 [level 11.1]
    Renderer: NVIDIA GeForce GTX 1660 SUPER (ID=0x21c4)
    Vendor:   NVIDIA
    VRAM:     5992 MB
    Driver:   30.0.15.1295
Initialize mono
Mono path[0] = 'C:/Program Files/Unity/Hub/Editor/2021.3.4f1c1/Editor/Data/Managed'
Mono path[1] = 'C:/Program Files/Unity/Hub/Editor/2021.3.4f1c1/Editor/Data/MonoBleedingEdge/lib/mono/unityjit-win32'
Mono config path = 'C:/Program Files/Unity/Hub/Editor/2021.3.4f1c1/Editor/Data/MonoBleedingEdge/etc'
Using monoOptions --debugger-agent=transport=dt_socket,embedding=1,server=y,suspend=n,address=127.0.0.1:56728
Begin MonoManager ReloadAssembly
Registering precompiled unity dll's ...
Register platform support module: C:/Program Files/Unity/Hub/Editor/2021.3.4f1c1/Editor/Data/PlaybackEngines/WebGLSupport/UnityEditor.WebGL.Extensions.dll
Register platform support module: C:/Program Files/Unity/Hub/Editor/2021.3.4f1c1/Editor/Data/PlaybackEngines/WindowsStandaloneSupport/UnityEditor.WindowsStandalone.Extensions.dll
Registered in 0.003835 seconds.
Native extension for WindowsStandalone target not found
Native extension for WebGL target not found
Refreshing native plugins compatible for Editor in 62.78 ms, found 3 plugins.
Preloading 0 native plugins for Editor in 0.00 ms.
Mono: successfully reloaded assembly
- Completed reload, in  0.447 seconds
Domain Reload Profiling:
	ReloadAssembly (447ms)
		BeginReloadAssembly (52ms)
			ExecutionOrderSort (0ms)
			DisableScriptedObjects (0ms)
			BackupInstance (0ms)
			ReleaseScriptingObjects (0ms)
			CreateAndSetChildDomain (1ms)
		EndReloadAssembly (316ms)
			LoadAssemblies (50ms)
			RebuildTransferFunctionScriptingTraits (0ms)
			SetupTypeCache (70ms)
			ReleaseScriptCaches (0ms)
			RebuildScriptCaches (20ms)
			SetupLoadedEditorAssemblies (189ms)
				LogAssemblyErrors (0ms)
				InitializePlatformSupportModulesInManaged (7ms)
				SetLoadedEditorAssemblies (0ms)
				RefreshPlugins (63ms)
				BeforeProcessingInitializeOnLoad (1ms)
				ProcessInitializeOnLoadAttributes (87ms)
				ProcessInitializeOnLoadMethodAttributes (32ms)
				AfterProcessingInitializeOnLoad (0ms)
				EditorAssembliesLoaded (0ms)
			ExecutionOrderSort2 (0ms)
			AwakeInstancesAfterBackupRestoration (0ms)
Platform modules already initialized, skipping
Registering precompiled user dll's ...
Registered in 0.004754 seconds.
Begin MonoManager ReloadAssembly
Symbol file LoadedFromMemory doesn't match image D:\WorkSpace\Unity\JiHBuilder\Library\PackageCache\com.unity.visualscripting@1.7.8\Editor\VisualScripting.Core\Dependencies\YamlDotNet\Unity.VisualScripting.YamlDotNet.dll
Symbol file LoadedFromMemory doesn't match image D:\WorkSpace\Unity\JiHBuilder\Library\PackageCache\com.unity.visualscripting@1.7.8\Editor\VisualScripting.Core\Dependencies\DotNetZip\Unity.VisualScripting.IonicZip.dll
Native extension for WindowsStandalone target not found
Native extension for WebGL target not found
Refreshing native plugins compatible for Editor in 0.64 ms, found 3 plugins.
Preloading 0 native plugins for Editor in 0.00 ms.
Mono: successfully reloaded assembly
- Completed reload, in  0.720 seconds
Domain Reload Profiling:
	ReloadAssembly (720ms)
		BeginReloadAssembly (78ms)
			ExecutionOrderSort (0ms)
			DisableScriptedObjects (4ms)
			BackupInstance (0ms)
			ReleaseScriptingObjects (0ms)
			CreateAndSetChildDomain (14ms)
		EndReloadAssembly (558ms)
			LoadAssemblies (55ms)
			RebuildTransferFunctionScriptingTraits (0ms)
			SetupTypeCache (179ms)
			ReleaseScriptCaches (0ms)
			RebuildScriptCaches (34ms)
			SetupLoadedEditorAssemblies (255ms)
				LogAssemblyErrors (0ms)
				InitializePlatformSupportModulesInManaged (5ms)
				SetLoadedEditorAssemblies (1ms)
				RefreshPlugins (1ms)
				BeforeProcessingInitializeOnLoad (68ms)
				ProcessInitializeOnLoadAttributes (155ms)
				ProcessInitializeOnLoadMethodAttributes (19ms)
				AfterProcessingInitializeOnLoad (6ms)
				EditorAssembliesLoaded (0ms)
			ExecutionOrderSort2 (0ms)
			AwakeInstancesAfterBackupRestoration (5ms)
Platform modules already initialized, skipping
========================================================================
Worker process is ready to serve import requests
Launched and connected shader compiler UnityShaderCompiler.exe after 0.03 seconds
Refreshing native plugins compatible for Editor in 0.40 ms, found 3 plugins.
Preloading 0 native plugins for Editor in 0.00 ms.
Unloading 3368 Unused Serialized files (Serialized files now loaded: 0)
Unloading 27 unused Assets / (111.0 KB). Loaded Objects now: 3825.
Memory consumption went from 115.9 MB to 115.8 MB.
Total: 2.575000 ms (FindLiveObjects: 0.202300 ms CreateObjectMapping: 0.087200 ms MarkObjects: 2.206100 ms  DeleteObjects: 0.078500 ms)

AssetImportParameters requested are different than current active one (requested -> active):
  custom:video-decoder-ogg-theora: a1e56fd34408186e4bbccfd4996cb3dc -> 
  custom:container-muxer-webm: aa71ff27fc2769a1b78a27578f13a17b -> 
  custom:container-demuxer-webm: 4f35f7cbe854078d1ac9338744f61a02 -> 
  custom:video-encoder-webm-vp8: eb34c28f22e8b96e1ab97ce403110664 -> 
  custom:audio-encoder-webm-vorbis: bf7c407c2cedff20999df2af8eb42d56 -> 
  custom:framework-win-MediaFoundation: 216162199b28c13a410421893ffa2e32 -> 
  custom:container-demuxer-ogg: 62fdf1f143b41e24485cea50d1cbac27 -> 
  custom:video-decoder-webm-vp8: 9c59270c3fd7afecdb556c50c9e8de78 -> 
  custom:audio-decoder-ogg-vorbis: bf7c407c2cedff20999df2af8eb42d56 -> 
========================================================================
Received Import Request.
  Time since last request: 86864.699785 seconds.
  path: Assets/Scenes
  artifactKey: Guid(6ea315d0fd7389c41b19996891e99ae3) Importer(815301076,1909f56bfc062723c751e8b465ee728b)
Start importing Assets/Scenes using Guid(6ea315d0fd7389c41b19996891e99ae3) Importer(815301076,1909f56bfc062723c751e8b465ee728b)  -> (artifact id: 'b8193726cff86800c54781cdc6d54904') in 0.005099 seconds 
========================================================================
Received Prepare
Registering precompiled user dll's ...
Registered in 0.004507 seconds.
Begin MonoManager ReloadAssembly
Symbol file LoadedFromMemory doesn't match image D:\WorkSpace\Unity\JiHBuilder\Library\PackageCache\com.unity.visualscripting@1.7.8\Editor\VisualScripting.Core\Dependencies\YamlDotNet\Unity.VisualScripting.YamlDotNet.dll
Symbol file LoadedFromMemory doesn't match image D:\WorkSpace\Unity\JiHBuilder\Library\PackageCache\com.unity.visualscripting@1.7.8\Editor\VisualScripting.Core\Dependencies\DotNetZip\Unity.VisualScripting.IonicZip.dll
Native extension for WindowsStandalone target not found
Native extension for WebGL target not found
Refreshing native plugins compatible for Editor in 0.42 ms, found 3 plugins.
Preloading 0 native plugins for Editor in 0.00 ms.
Mono: successfully reloaded assembly
- Completed reload, in  0.706 seconds
Domain Reload Profiling:
	ReloadAssembly (707ms)
		BeginReloadAssembly (101ms)
			ExecutionOrderSort (0ms)
			DisableScriptedObjects (4ms)
			BackupInstance (0ms)
			ReleaseScriptingObjects (0ms)
			CreateAndSetChildDomain (29ms)
		EndReloadAssembly (536ms)
			LoadAssemblies (58ms)
			RebuildTransferFunctionScriptingTraits (0ms)
			SetupTypeCache (186ms)
			ReleaseScriptCaches (1ms)
			RebuildScriptCaches (28ms)
			SetupLoadedEditorAssemblies (229ms)
				LogAssemblyErrors (0ms)
				InitializePlatformSupportModulesInManaged (10ms)
				SetLoadedEditorAssemblies (0ms)
				RefreshPlugins (0ms)
				BeforeProcessingInitializeOnLoad (48ms)
				ProcessInitializeOnLoadAttributes (143ms)
				ProcessInitializeOnLoadMethodAttributes (19ms)
				AfterProcessingInitializeOnLoad (7ms)
				EditorAssembliesLoaded (0ms)
			ExecutionOrderSort2 (0ms)
			AwakeInstancesAfterBackupRestoration (5ms)
Platform modules already initialized, skipping
Refreshing native plugins compatible for Editor in 1.37 ms, found 3 plugins.
Preloading 0 native plugins for Editor in 0.00 ms.
Unloading 3365 Unused Serialized files (Serialized files now loaded: 0)
Unloading 20 unused Assets / (78.1 KB). Loaded Objects now: 3830.
Memory consumption went from 115.9 MB to 115.8 MB.
Total: 2.026400 ms (FindLiveObjects: 0.190800 ms CreateObjectMapping: 0.095700 ms MarkObjects: 1.674700 ms  DeleteObjects: 0.064000 ms)

AssetImportParameters requested are different than current active one (requested -> active):
  custom:video-decoder-ogg-theora: a1e56fd34408186e4bbccfd4996cb3dc -> 
  custom:container-muxer-webm: aa71ff27fc2769a1b78a27578f13a17b -> 
  custom:container-demuxer-webm: 4f35f7cbe854078d1ac9338744f61a02 -> 
  custom:video-encoder-webm-vp8: eb34c28f22e8b96e1ab97ce403110664 -> 
  custom:audio-encoder-webm-vorbis: bf7c407c2cedff20999df2af8eb42d56 -> 
  custom:framework-win-MediaFoundation: 216162199b28c13a410421893ffa2e32 -> 
  custom:container-demuxer-ogg: 62fdf1f143b41e24485cea50d1cbac27 -> 
  custom:video-decoder-webm-vp8: 9c59270c3fd7afecdb556c50c9e8de78 -> 
  custom:audio-decoder-ogg-vorbis: bf7c407c2cedff20999df2af8eb42d56 -> 
========================================================================
Received Prepare
Registering precompiled user dll's ...
Registered in 0.006708 seconds.
Begin MonoManager ReloadAssembly
Symbol file LoadedFromMemory doesn't match image D:\WorkSpace\Unity\JiHBuilder\Library\PackageCache\com.unity.visualscripting@1.7.8\Editor\VisualScripting.Core\Dependencies\YamlDotNet\Unity.VisualScripting.YamlDotNet.dll
Symbol file LoadedFromMemory doesn't match image D:\WorkSpace\Unity\JiHBuilder\Library\PackageCache\com.unity.visualscripting@1.7.8\Editor\VisualScripting.Core\Dependencies\DotNetZip\Unity.VisualScripting.IonicZip.dll
Native extension for WindowsStandalone target not found
Native extension for WebGL target not found
Refreshing native plugins compatible for Editor in 0.42 ms, found 3 plugins.
Preloading 0 native plugins for Editor in 0.00 ms.
Mono: successfully reloaded assembly
- Completed reload, in  0.686 seconds
Domain Reload Profiling:
	ReloadAssembly (686ms)
		BeginReloadAssembly (96ms)
			ExecutionOrderSort (0ms)
			DisableScriptedObjects (4ms)
			BackupInstance (0ms)
			ReleaseScriptingObjects (0ms)
			CreateAndSetChildDomain (26ms)
		EndReloadAssembly (520ms)
			LoadAssemblies (56ms)
			RebuildTransferFunctionScriptingTraits (0ms)
			SetupTypeCache (169ms)
			ReleaseScriptCaches (1ms)
			RebuildScriptCaches (28ms)
			SetupLoadedEditorAssemblies (231ms)
				LogAssemblyErrors (0ms)
				InitializePlatformSupportModulesInManaged (10ms)
				SetLoadedEditorAssemblies (0ms)
				RefreshPlugins (0ms)
				BeforeProcessingInitializeOnLoad (49ms)
				ProcessInitializeOnLoadAttributes (146ms)
				ProcessInitializeOnLoadMethodAttributes (20ms)
				AfterProcessingInitializeOnLoad (7ms)
				EditorAssembliesLoaded (0ms)
			ExecutionOrderSort2 (0ms)
			AwakeInstancesAfterBackupRestoration (5ms)
Platform modules already initialized, skipping
Refreshing native plugins compatible for Editor in 1.44 ms, found 3 plugins.
Preloading 0 native plugins for Editor in 0.00 ms.
Unloading 3368 Unused Serialized files (Serialized files now loaded: 0)
Unloading 20 unused Assets / (78.1 KB). Loaded Objects now: 3836.
Memory consumption went from 116.1 MB to 116.0 MB.
Total: 2.465000 ms (FindLiveObjects: 0.269300 ms CreateObjectMapping: 0.111700 ms MarkObjects: 2.010000 ms  DeleteObjects: 0.073200 ms)

AssetImportParameters requested are different than current active one (requested -> active):
  custom:video-decoder-ogg-theora: a1e56fd34408186e4bbccfd4996cb3dc -> 
  custom:container-muxer-webm: aa71ff27fc2769a1b78a27578f13a17b -> 
  custom:container-demuxer-webm: 4f35f7cbe854078d1ac9338744f61a02 -> 
  custom:video-encoder-webm-vp8: eb34c28f22e8b96e1ab97ce403110664 -> 
  custom:audio-encoder-webm-vorbis: bf7c407c2cedff20999df2af8eb42d56 -> 
  custom:framework-win-MediaFoundation: 216162199b28c13a410421893ffa2e32 -> 
  custom:container-demuxer-ogg: 62fdf1f143b41e24485cea50d1cbac27 -> 
  custom:video-decoder-webm-vp8: 9c59270c3fd7afecdb556c50c9e8de78 -> 
  custom:audio-decoder-ogg-vorbis: bf7c407c2cedff20999df2af8eb42d56 -> 
========================================================================
Received Prepare
Registering precompiled user dll's ...
Registered in 0.005407 seconds.
Begin MonoManager ReloadAssembly
Symbol file LoadedFromMemory doesn't match image D:\WorkSpace\Unity\JiHBuilder\Library\PackageCache\com.unity.visualscripting@1.7.8\Editor\VisualScripting.Core\Dependencies\YamlDotNet\Unity.VisualScripting.YamlDotNet.dll
Symbol file LoadedFromMemory doesn't match image D:\WorkSpace\Unity\JiHBuilder\Library\PackageCache\com.unity.visualscripting@1.7.8\Editor\VisualScripting.Core\Dependencies\DotNetZip\Unity.VisualScripting.IonicZip.dll
Native extension for WindowsStandalone target not found
Native extension for WebGL target not found
Refreshing native plugins compatible for Editor in 0.88 ms, found 3 plugins.
Preloading 0 native plugins for Editor in 0.00 ms.
Mono: successfully reloaded assembly
- Completed reload, in  0.738 seconds
Domain Reload Profiling:
	ReloadAssembly (738ms)
		BeginReloadAssembly (113ms)
			ExecutionOrderSort (0ms)
			DisableScriptedObjects (4ms)
			BackupInstance (0ms)
			ReleaseScriptingObjects (0ms)
			CreateAndSetChildDomain (27ms)
		EndReloadAssembly (546ms)
			LoadAssemblies (69ms)
			RebuildTransferFunctionScriptingTraits (0ms)
			SetupTypeCache (183ms)
			ReleaseScriptCaches (1ms)
			RebuildScriptCaches (27ms)
			SetupLoadedEditorAssemblies (241ms)
				LogAssemblyErrors (0ms)
				InitializePlatformSupportModulesInManaged (9ms)
				SetLoadedEditorAssemblies (0ms)
				RefreshPlugins (1ms)
				BeforeProcessingInitializeOnLoad (52ms)
				ProcessInitializeOnLoadAttributes (147ms)
				ProcessInitializeOnLoadMethodAttributes (25ms)
				AfterProcessingInitializeOnLoad (6ms)
				EditorAssembliesLoaded (0ms)
			ExecutionOrderSort2 (0ms)
			AwakeInstancesAfterBackupRestoration (5ms)
Platform modules already initialized, skipping
Refreshing native plugins compatible for Editor in 1.39 ms, found 3 plugins.
Preloading 0 native plugins for Editor in 0.00 ms.
Unloading 3774 Unused Serialized files (Serialized files now loaded: 0)
Unloading 41 unused Assets / (1.9 MB). Loaded Objects now: 4225.
Memory consumption went from 133.8 MB to 131.9 MB.
Total: 2.969900 ms (FindLiveObjects: 0.215200 ms CreateObjectMapping: 0.109900 ms MarkObjects: 2.059400 ms  DeleteObjects: 0.584700 ms)

AssetImportParameters requested are different than current active one (requested -> active):
  custom:video-decoder-ogg-theora: a1e56fd34408186e4bbccfd4996cb3dc -> 
  custom:container-muxer-webm: aa71ff27fc2769a1b78a27578f13a17b -> 
  custom:container-demuxer-webm: 4f35f7cbe854078d1ac9338744f61a02 -> 
  custom:video-encoder-webm-vp8: eb34c28f22e8b96e1ab97ce403110664 -> 
  custom:audio-encoder-webm-vorbis: bf7c407c2cedff20999df2af8eb42d56 -> 
  custom:framework-win-MediaFoundation: 216162199b28c13a410421893ffa2e32 -> 
  custom:container-demuxer-ogg: 62fdf1f143b41e24485cea50d1cbac27 -> 
  custom:video-decoder-webm-vp8: 9c59270c3fd7afecdb556c50c9e8de78 -> 
  custom:audio-decoder-ogg-vorbis: bf7c407c2cedff20999df2af8eb42d56 -> 
========================================================================
Received Import Request.
  Time since last request: 132.733221 seconds.
  path: Assets/AssetStoreOriginals/_SNAPS_PrototypingAssets/About/Readme.asset
  artifactKey: Guid(83c2ed844a8c74b779a4c823d16594b1) Importer(815301076,1909f56bfc062723c751e8b465ee728b)
Start importing Assets/AssetStoreOriginals/_SNAPS_PrototypingAssets/About/Readme.asset using Guid(83c2ed844a8c74b779a4c823d16594b1) Importer(815301076,1909f56bfc062723c751e8b465ee728b)  -> (artifact id: '9aa4891ed49852627caf735dcf7a8959') in 0.023506 seconds 
========================================================================
Received Import Request.
  Time since last request: 29.185527 seconds.
  path: Assets/AssetStoreOriginals/_SNAPS_PrototypingAssets/About/Scripts
  artifactKey: Guid(1f545d0b97525424eb52e33ae79e86cb) Importer(815301076,1909f56bfc062723c751e8b465ee728b)
Start importing Assets/AssetStoreOriginals/_SNAPS_PrototypingAssets/About/Scripts using Guid(1f545d0b97525424eb52e33ae79e86cb) Importer(815301076,1909f56bfc062723c751e8b465ee728b)  -> (artifact id: 'b39c32293c189d40e83be027f1ae077f') in 0.000952 seconds 
========================================================================
Received Import Request.
  Time since last request: 0.845611 seconds.
  path: Assets/AssetStoreOriginals/_SNAPS_PrototypingAssets/About/Icons
  artifactKey: Guid(d46c14ed326ae7344ab4f235f4eb0bf0) Importer(815301076,1909f56bfc062723c751e8b465ee728b)
Start importing Assets/AssetStoreOriginals/_SNAPS_PrototypingAssets/About/Icons using Guid(d46c14ed326ae7344ab4f235f4eb0bf0) Importer(815301076,1909f56bfc062723c751e8b465ee728b)  -> (artifact id: '8c858ba7a4eafffaa03fe00d941f06b0') in 0.001004 seconds 
========================================================================
Received Import Request.
  Time since last request: 2.684497 seconds.
  path: Assets/AssetStoreOriginals/_SNAPS_PrototypingAssets/About/Icons/Help_Icon.png
  artifactKey: Guid(a186f8a87ca4f4d3aa864638ad5dfb65) Importer(815301076,1909f56bfc062723c751e8b465ee728b)
Start importing Assets/AssetStoreOriginals/_SNAPS_PrototypingAssets/About/Icons/Help_Icon.png using Guid(a186f8a87ca4f4d3aa864638ad5dfb65) Importer(815301076,1909f56bfc062723c751e8b465ee728b)  -> (artifact id: '095202551ce4794fa2416c03fc303a28') in 0.048663 seconds 
========================================================================
Received Import Request.
  Time since last request: 4.077291 seconds.
  path: Assets/AssetStoreOriginals/_SNAPS_PrototypingAssets/About/Scripts/Editor
  artifactKey: Guid(eb38beb5b388cff4c81d97f7d8acc562) Importer(815301076,1909f56bfc062723c751e8b465ee728b)
Start importing Assets/AssetStoreOriginals/_SNAPS_PrototypingAssets/About/Scripts/Editor using Guid(eb38beb5b388cff4c81d97f7d8acc562) Importer(815301076,1909f56bfc062723c751e8b465ee728b)  -> (artifact id: '78f9db3aba3fbf06390e3b6d619db387') in 0.001490 seconds 
========================================================================
Received Import Request.
  Time since last request: 6.673356 seconds.
  path: Assets/AssetStoreOriginals/_SNAPS_PrototypingAssets/SciFi_Industrial
  artifactKey: Guid(d206abfdd01eab744bc3ba138e3bd0a2) Importer(815301076,1909f56bfc062723c751e8b465ee728b)
Start importing Assets/AssetStoreOriginals/_SNAPS_PrototypingAssets/SciFi_Industrial using Guid(d206abfdd01eab744bc3ba138e3bd0a2) Importer(815301076,1909f56bfc062723c751e8b465ee728b)  -> (artifact id: '14cd940be3e584901609c3712282b7c0') in 0.000922 seconds 
========================================================================
Received Import Request.
  Time since last request: 0.702512 seconds.
  path: Assets/AssetStoreOriginals/_SNAPS_PrototypingAssets/SciFi_Industrial/SampleScenes
  artifactKey: Guid(797433cb8dee34743b37e98430827088) Importer(815301076,1909f56bfc062723c751e8b465ee728b)
Start importing Assets/AssetStoreOriginals/_SNAPS_PrototypingAssets/SciFi_Industrial/SampleScenes using Guid(797433cb8dee34743b37e98430827088) Importer(815301076,1909f56bfc062723c751e8b465ee728b)  -> (artifact id: '50721cced460dcd6450124ffea97b335') in 0.000883 seconds 
========================================================================
Received Import Request.
  Time since last request: 2.880448 seconds.
  path: Assets/AssetStoreOriginals/_SNAPS_PrototypingAssets/Scripts
  artifactKey: Guid(c159b2fe6b1dc8f48a4731f926c1d34f) Importer(815301076,1909f56bfc062723c751e8b465ee728b)
Start importing Assets/AssetStoreOriginals/_SNAPS_PrototypingAssets/Scripts using Guid(c159b2fe6b1dc8f48a4731f926c1d34f) Importer(815301076,1909f56bfc062723c751e8b465ee728b)  -> (artifact id: '1c2a9cf638bd22e43ea71256d53b92e1') in 0.000983 seconds 
========================================================================
Received Import Request.
  Time since last request: 1.019454 seconds.
  path: Assets/AssetStoreOriginals/_SNAPS_PrototypingAssets/Scripts/Editor
  artifactKey: Guid(9963dcec3d4da3145a21477bfebffb3a) Importer(815301076,1909f56bfc062723c751e8b465ee728b)
Start importing Assets/AssetStoreOriginals/_SNAPS_PrototypingAssets/Scripts/Editor using Guid(9963dcec3d4da3145a21477bfebffb3a) Importer(815301076,1909f56bfc062723c751e8b465ee728b)  -> (artifact id: '7bd3e1661c2a4e9fc3ef9521a51c1e25') in 0.000878 seconds 
========================================================================
Received Import Request.
  Time since last request: 0.766909 seconds.
  path: Assets/AssetStoreOriginals/_SNAPS_PrototypingAssets/Scripts/Editor/PackageChecker
  artifactKey: Guid(128293781250eb742b3c449f717239a7) Importer(815301076,1909f56bfc062723c751e8b465ee728b)
Start importing Assets/AssetStoreOriginals/_SNAPS_PrototypingAssets/Scripts/Editor/PackageChecker using Guid(128293781250eb742b3c449f717239a7) Importer(815301076,1909f56bfc062723c751e8b465ee728b)  -> (artifact id: 'fd262838768a907367132a56517a6c19') in 0.000905 seconds 
========================================================================
Received Import Request.
  Time since last request: 5.279507 seconds.
  path: Assets/AssetStoreOriginals/_SNAPS_PrototypingAssets/SciFi_Industrial/SampleScenes/SciFi_Industrial_Decor_PrefabLayout.unity
  artifactKey: Guid(4d6db1fd5d744ff4dab943c3379e98e0) Importer(815301076,1909f56bfc062723c751e8b465ee728b)
Start importing Assets/AssetStoreOriginals/_SNAPS_PrototypingAssets/SciFi_Industrial/SampleScenes/SciFi_Industrial_Decor_PrefabLayout.unity using Guid(4d6db1fd5d744ff4dab943c3379e98e0) Importer(815301076,1909f56bfc062723c751e8b465ee728b)  -> (artifact id: 'aa772549bca4e3ea888377f64ead8eff') in 0.001598 seconds 
========================================================================
Received Import Request.
  Time since last request: 1.053396 seconds.
  path: Assets/AssetStoreOriginals/_SNAPS_PrototypingAssets/SciFi_Industrial/SampleScenes/SciFi_Industrial_Props_PrefabLayout.unity
  artifactKey: Guid(9180836ea050808469d29101e57bbc46) Importer(815301076,1909f56bfc062723c751e8b465ee728b)
Start importing Assets/AssetStoreOriginals/_SNAPS_PrototypingAssets/SciFi_Industrial/SampleScenes/SciFi_Industrial_Props_PrefabLayout.unity using Guid(9180836ea050808469d29101e57bbc46) Importer(815301076,1909f56bfc062723c751e8b465ee728b)  -> (artifact id: '1b3f753afa3453a238ae40c2b364886a') in 0.000947 seconds 
========================================================================
Received Import Request.
  Time since last request: 0.723694 seconds.
  path: Assets/AssetStoreOriginals/_SNAPS_PrototypingAssets/SciFi_Industrial/SampleScenes/SciFi_Industrial_SampleLayout.unity
  artifactKey: Guid(b2fa8882363c4644b93046de18bcbf19) Importer(815301076,1909f56bfc062723c751e8b465ee728b)
Start importing Assets/AssetStoreOriginals/_SNAPS_PrototypingAssets/SciFi_Industrial/SampleScenes/SciFi_Industrial_SampleLayout.unity using Guid(b2fa8882363c4644b93046de18bcbf19) Importer(815301076,1909f56bfc062723c751e8b465ee728b)  -> (artifact id: '690355651e9637050f9ae145cf25f4ba') in 0.001047 seconds 
